# Logfile created on 2016-08-02 11:38:27 -0400 by logger.rb/54362
  INFO ---------------------------------------------------------------------------
  INFO START 2016-08-02 11:38:27 -0400 cap production deploy
  INFO ---------------------------------------------------------------------------
 DEBUG [fa1038d6] Running [ -d ~/.rvm ] as take_five@take-five.in
 DEBUG [fa1038d6] Command: [ -d ~/.rvm ]
 DEBUG [fa1038d6] Finished in 7.648 seconds with exit status 1 (failed).
 DEBUG [46979f34] Running [ -d /usr/local/rvm ] as take_five@take-five.in
 DEBUG [46979f34] Command: [ -d /usr/local/rvm ]
 DEBUG [46979f34] Finished in 3.843 seconds with exit status 0 (successful).
 DEBUG [fbca0dff] Running /usr/local/rvm/bin/rvm version as take_five@take-five.in
 DEBUG [fbca0dff] Command: /usr/local/rvm/bin/rvm version
 DEBUG [fbca0dff] 	rvm 1.27.0 (latest) by Wayne E. Seguin <wayneeseguin@gmail.com>, Michal Papis <mpapis@gmail.com> [https://rvm.io/]
 DEBUG [fbca0dff] Finished in 0.362 seconds with exit status 0 (successful).
 DEBUG [04c50f8f] Running /usr/local/rvm/bin/rvm current as take_five@take-five.in
 DEBUG [04c50f8f] Command: /usr/local/rvm/bin/rvm current
 DEBUG [04c50f8f] 	ruby-2.3.1
 DEBUG [04c50f8f] Finished in 0.372 seconds with exit status 0 (successful).
 DEBUG [a8c44b91] Running /usr/local/rvm/bin/rvm default do ruby --version as take_five@take-five.in
 DEBUG [a8c44b91] Command: /usr/local/rvm/bin/rvm default do ruby --version
 DEBUG [a8c44b91] 	ruby 2.3.1p112 (2016-04-26 revision 54768) [x86_64-linux]
 DEBUG [a8c44b91] Finished in 0.550 seconds with exit status 0 (successful).
  INFO [61f4d703] Running /usr/bin/env mkdir -p /tmp as take_five@take-five.in
 DEBUG [61f4d703] Command: /usr/bin/env mkdir -p /tmp
  INFO [61f4d703] Finished in 0.179 seconds with exit status 0 (successful).
 DEBUG Uploading /tmp/git-ssh-take_5_in-production-gdpelican.sh 0.0%
  INFO Uploading /tmp/git-ssh-take_5_in-production-gdpelican.sh 100.0%
  INFO [99e69db4] Running /usr/bin/env chmod 700 /tmp/git-ssh-take_5_in-production-gdpelican.sh as take_five@take-five.in
 DEBUG [99e69db4] Command: /usr/bin/env chmod 700 /tmp/git-ssh-take_5_in-production-gdpelican.sh
  INFO [99e69db4] Finished in 0.182 seconds with exit status 0 (successful).
  INFO [c4fbe3e2] Running /usr/bin/env git ls-remote --heads git@github.com:gdpelican/take_5_in.git as take_five@take-five.in
 DEBUG [c4fbe3e2] Command: ( export GIT_ASKPASS="/bin/echo" GIT_SSH="/tmp/git-ssh-take_5_in-production-gdpelican.sh" ; /usr/bin/env git ls-remote --heads git@github.com:gdpelican/take_5_in.git )
 DEBUG [c4fbe3e2] 	Warning: Permanently added 'github.com,192.30.253.112' (RSA) to the list of known hosts.
 DEBUG [c4fbe3e2] 	Permission denied (publickey).
 DEBUG [c4fbe3e2] 	fatal: Could not read from remote repository.

Please make sure you have the correct access rights
and the repository exists.
  INFO ---------------------------------------------------------------------------
  INFO START 2016-08-02 11:39:20 -0400 cap production deploy
  INFO ---------------------------------------------------------------------------
 DEBUG [17303d79] Running [ -d ~/.rvm ] as take_five@take-five.in
 DEBUG [17303d79] Command: [ -d ~/.rvm ]
 DEBUG [17303d79] Finished in 3.749 seconds with exit status 1 (failed).
 DEBUG [82941b3c] Running [ -d /usr/local/rvm ] as take_five@take-five.in
 DEBUG [82941b3c] Command: [ -d /usr/local/rvm ]
 DEBUG [82941b3c] Finished in 2.336 seconds with exit status 0 (successful).
 DEBUG [0d7744ff] Running /usr/local/rvm/bin/rvm version as take_five@take-five.in
 DEBUG [0d7744ff] Command: /usr/local/rvm/bin/rvm version
 DEBUG [0d7744ff] 	rvm 1.27.0 (latest) by Wayne E. Seguin <wayneeseguin@gmail.com>, Michal Papis <mpapis@gmail.com> [https://rvm.io/]
 DEBUG [0d7744ff] Finished in 0.376 seconds with exit status 0 (successful).
 DEBUG [1f8b94fd] Running /usr/local/rvm/bin/rvm current as take_five@take-five.in
 DEBUG [1f8b94fd] Command: /usr/local/rvm/bin/rvm current
 DEBUG [1f8b94fd] 	ruby-2.3.1
 DEBUG [1f8b94fd] Finished in 0.374 seconds with exit status 0 (successful).
 DEBUG [8c2b30ff] Running /usr/local/rvm/bin/rvm default do ruby --version as take_five@take-five.in
 DEBUG [8c2b30ff] Command: /usr/local/rvm/bin/rvm default do ruby --version
 DEBUG [8c2b30ff] 	ruby 2.3.1p112 (2016-04-26 revision 54768) [x86_64-linux]
 DEBUG [8c2b30ff] Finished in 0.593 seconds with exit status 0 (successful).
  INFO [a42a5964] Running /usr/bin/env mkdir -p /tmp as take_five@take-five.in
 DEBUG [a42a5964] Command: /usr/bin/env mkdir -p /tmp
  INFO [a42a5964] Finished in 0.179 seconds with exit status 0 (successful).
 DEBUG Uploading /tmp/git-ssh-take_5_in-production-gdpelican.sh 0.0%
  INFO Uploading /tmp/git-ssh-take_5_in-production-gdpelican.sh 100.0%
  INFO [f7a354ac] Running /usr/bin/env chmod 700 /tmp/git-ssh-take_5_in-production-gdpelican.sh as take_five@take-five.in
 DEBUG [f7a354ac] Command: /usr/bin/env chmod 700 /tmp/git-ssh-take_5_in-production-gdpelican.sh
  INFO [f7a354ac] Finished in 0.196 seconds with exit status 0 (successful).
  INFO [382d59a8] Running /usr/bin/env git ls-remote --heads https://github.com/gdpelican/take_5_in.git as take_five@take-five.in
 DEBUG [382d59a8] Command: ( export GIT_ASKPASS="/bin/echo" GIT_SSH="/tmp/git-ssh-take_5_in-production-gdpelican.sh" ; /usr/bin/env git ls-remote --heads https://github.com/gdpelican/take_5_in.git )
 DEBUG [382d59a8] 	005190d09d576ba4503568537106ff2e9d72062b	refs/heads/master
  INFO [382d59a8] Finished in 0.802 seconds with exit status 0 (successful).
  INFO [61b08c5a] Running /usr/bin/env mkdir -p /var/www/take_five_in/shared /var/www/take_five_in/releases as take_five@take-five.in
 DEBUG [61b08c5a] Command: /usr/bin/env mkdir -p /var/www/take_five_in/shared /var/www/take_five_in/releases
 DEBUG [61b08c5a] 	mkdir: 
 DEBUG [61b08c5a] 	cannot create directory ‘/var/www/take_five_in’
 DEBUG [61b08c5a] 	: Permission denied
 DEBUG [61b08c5a] 	
 DEBUG [61b08c5a] 	mkdir: 
 DEBUG [61b08c5a] 	cannot create directory ‘/var/www/take_five_in’
 DEBUG [61b08c5a] 	: Permission denied
 DEBUG [61b08c5a] 	
  INFO ---------------------------------------------------------------------------
  INFO START 2016-08-02 11:41:11 -0400 cap production deploy
  INFO ---------------------------------------------------------------------------
 DEBUG [b56d8713] Running [ -d ~/.rvm ] as take_five@take-five.in
 DEBUG [b56d8713] Command: [ -d ~/.rvm ]
 DEBUG [b56d8713] Finished in 4.485 seconds with exit status 1 (failed).
 DEBUG [02adb7ba] Running [ -d /usr/local/rvm ] as take_five@take-five.in
 DEBUG [02adb7ba] Command: [ -d /usr/local/rvm ]
 DEBUG [02adb7ba] Finished in 5.574 seconds with exit status 0 (successful).
 DEBUG [5d60f522] Running /usr/local/rvm/bin/rvm version as take_five@take-five.in
 DEBUG [5d60f522] Command: /usr/local/rvm/bin/rvm version
 DEBUG [5d60f522] 	rvm 1.27.0 (latest) by Wayne E. Seguin <wayneeseguin@gmail.com>, Michal Papis <mpapis@gmail.com> [https://rvm.io/]
 DEBUG [5d60f522] Finished in 0.382 seconds with exit status 0 (successful).
 DEBUG [08397f5d] Running /usr/local/rvm/bin/rvm current as take_five@take-five.in
 DEBUG [08397f5d] Command: /usr/local/rvm/bin/rvm current
 DEBUG [08397f5d] 	ruby-2.3.1
 DEBUG [08397f5d] Finished in 0.378 seconds with exit status 0 (successful).
 DEBUG [1ccb9283] Running /usr/local/rvm/bin/rvm default do ruby --version as take_five@take-five.in
 DEBUG [1ccb9283] Command: /usr/local/rvm/bin/rvm default do ruby --version
 DEBUG [1ccb9283] 	ruby 2.3.1p112 (2016-04-26 revision 54768) [x86_64-linux]
 DEBUG [1ccb9283] Finished in 0.504 seconds with exit status 0 (successful).
  INFO [e6fc3414] Running /usr/bin/env mkdir -p /tmp as take_five@take-five.in
 DEBUG [e6fc3414] Command: /usr/bin/env mkdir -p /tmp
  INFO [e6fc3414] Finished in 0.178 seconds with exit status 0 (successful).
 DEBUG Uploading /tmp/git-ssh-take_5_in-production-gdpelican.sh 0.0%
  INFO Uploading /tmp/git-ssh-take_5_in-production-gdpelican.sh 100.0%
  INFO [b2fdc082] Running /usr/bin/env chmod 700 /tmp/git-ssh-take_5_in-production-gdpelican.sh as take_five@take-five.in
 DEBUG [b2fdc082] Command: /usr/bin/env chmod 700 /tmp/git-ssh-take_5_in-production-gdpelican.sh
  INFO [b2fdc082] Finished in 0.180 seconds with exit status 0 (successful).
  INFO [a9f00db9] Running /usr/bin/env git ls-remote --heads https://github.com/gdpelican/take_5_in.git as take_five@take-five.in
 DEBUG [a9f00db9] Command: ( export GIT_ASKPASS="/bin/echo" GIT_SSH="/tmp/git-ssh-take_5_in-production-gdpelican.sh" ; /usr/bin/env git ls-remote --heads https://github.com/gdpelican/take_5_in.git )
 DEBUG [a9f00db9] 	005190d09d576ba4503568537106ff2e9d72062b	refs/heads/master
  INFO [a9f00db9] Finished in 0.724 seconds with exit status 0 (successful).
  INFO [428ca399] Running /usr/bin/env mkdir -p /var/www/take_five_in/shared /var/www/take_five_in/releases as take_five@take-five.in
 DEBUG [428ca399] Command: /usr/bin/env mkdir -p /var/www/take_five_in/shared /var/www/take_five_in/releases
  INFO [428ca399] Finished in 0.180 seconds with exit status 0 (successful).
 DEBUG [757387bc] Running [ -f /var/www/take_five_in/current/REVISION ] as take_five@take-five.in
 DEBUG [757387bc] Command: [ -f /var/www/take_five_in/current/REVISION ]
 DEBUG [757387bc] Finished in 0.177 seconds with exit status 1 (failed).
 DEBUG [35777007] Running [ -f /var/www/take_five_in/repo/HEAD ] as take_five@take-five.in
 DEBUG [35777007] Command: [ -f /var/www/take_five_in/repo/HEAD ]
 DEBUG [35777007] Finished in 0.187 seconds with exit status 1 (failed).
 DEBUG [ea804841] Running if test ! -d /var/www/take_five_in; then echo "Directory does not exist '/var/www/take_five_in'" 1>&2; false; fi as take_five@take-five.in
 DEBUG [ea804841] Command: if test ! -d /var/www/take_five_in; then echo "Directory does not exist '/var/www/take_five_in'" 1>&2; false; fi
 DEBUG [ea804841] Finished in 0.188 seconds with exit status 0 (successful).
  INFO [52c3f551] Running /usr/bin/env git clone --mirror https://github.com/gdpelican/take_5_in.git /var/www/take_five_in/repo as take_five@take-five.in
 DEBUG [52c3f551] Command: cd /var/www/take_five_in && ( export GIT_ASKPASS="/bin/echo" GIT_SSH="/tmp/git-ssh-take_5_in-production-gdpelican.sh" ; /usr/bin/env git clone --mirror https://github.com/gdpelican/take_5_in.git /var/www/take_five_in/repo )
 DEBUG [52c3f551] 	Cloning into bare repository '/var/www/take_five_in/repo'...
  INFO [52c3f551] Finished in 0.999 seconds with exit status 0 (successful).
 DEBUG [ff6ee4a6] Running if test ! -d /var/www/take_five_in/repo; then echo "Directory does not exist '/var/www/take_five_in/repo'" 1>&2; false; fi as take_five@take-five.in
 DEBUG [ff6ee4a6] Command: if test ! -d /var/www/take_five_in/repo; then echo "Directory does not exist '/var/www/take_five_in/repo'" 1>&2; false; fi
 DEBUG [ff6ee4a6] Finished in 0.180 seconds with exit status 0 (successful).
  INFO [8ab7d0e9] Running /usr/bin/env git remote update --prune as take_five@take-five.in
 DEBUG [8ab7d0e9] Command: cd /var/www/take_five_in/repo && ( export GIT_ASKPASS="/bin/echo" GIT_SSH="/tmp/git-ssh-take_5_in-production-gdpelican.sh" ; /usr/bin/env git remote update --prune )
 DEBUG [8ab7d0e9] 	Fetching origin
  INFO [8ab7d0e9] Finished in 0.694 seconds with exit status 0 (successful).
 DEBUG [bdaef09d] Running if test ! -d /var/www/take_five_in/repo; then echo "Directory does not exist '/var/www/take_five_in/repo'" 1>&2; false; fi as take_five@take-five.in
 DEBUG [bdaef09d] Command: if test ! -d /var/www/take_five_in/repo; then echo "Directory does not exist '/var/www/take_five_in/repo'" 1>&2; false; fi
 DEBUG [bdaef09d] Finished in 0.185 seconds with exit status 0 (successful).
  INFO [8cf32e63] Running /usr/bin/env mkdir -p /var/www/take_five_in/releases/20160802154125 as take_five@take-five.in
 DEBUG [8cf32e63] Command: cd /var/www/take_five_in/repo && ( export GIT_ASKPASS="/bin/echo" GIT_SSH="/tmp/git-ssh-take_5_in-production-gdpelican.sh" ; /usr/bin/env mkdir -p /var/www/take_five_in/releases/20160802154125 )
  INFO [8cf32e63] Finished in 0.188 seconds with exit status 0 (successful).
  INFO [aee08d02] Running /usr/bin/env git archive master | tar -x -f - -C /var/www/take_five_in/releases/20160802154125 as take_five@take-five.in
 DEBUG [aee08d02] Command: cd /var/www/take_five_in/repo && ( export GIT_ASKPASS="/bin/echo" GIT_SSH="/tmp/git-ssh-take_5_in-production-gdpelican.sh" ; /usr/bin/env git archive master | tar -x -f - -C /var/www/take_five_in/releases/20160802154125 )
  INFO [aee08d02] Finished in 0.185 seconds with exit status 0 (successful).
 DEBUG [b933322f] Running if test ! -d /var/www/take_five_in/repo; then echo "Directory does not exist '/var/www/take_five_in/repo'" 1>&2; false; fi as take_five@take-five.in
 DEBUG [b933322f] Command: if test ! -d /var/www/take_five_in/repo; then echo "Directory does not exist '/var/www/take_five_in/repo'" 1>&2; false; fi
 DEBUG [b933322f] Finished in 0.187 seconds with exit status 0 (successful).
 DEBUG [f86b2720] Running /usr/bin/env git rev-list --max-count=1 master as take_five@take-five.in
 DEBUG [f86b2720] Command: cd /var/www/take_five_in/repo && ( export GIT_ASKPASS="/bin/echo" GIT_SSH="/tmp/git-ssh-take_5_in-production-gdpelican.sh" ; /usr/bin/env git rev-list --max-count=1 master )
 DEBUG [f86b2720] 	005190d09d576ba4503568537106ff2e9d72062b
 DEBUG [f86b2720] Finished in 0.184 seconds with exit status 0 (successful).
 DEBUG [bacc8d2f] Running if test ! -d /var/www/take_five_in/releases/20160802154125; then echo "Directory does not exist '/var/www/take_five_in/releases/20160802154125'" 1>&2; false; fi as take_five@take-five.in
 DEBUG [bacc8d2f] Command: if test ! -d /var/www/take_five_in/releases/20160802154125; then echo "Directory does not exist '/var/www/take_five_in/releases/20160802154125'" 1>&2; false; fi
 DEBUG [bacc8d2f] Finished in 0.185 seconds with exit status 0 (successful).
  INFO [29f484bc] Running /usr/bin/env echo "005190d09d576ba4503568537106ff2e9d72062b" >> REVISION as take_five@take-five.in
 DEBUG [29f484bc] Command: cd /var/www/take_five_in/releases/20160802154125 && /usr/bin/env echo "005190d09d576ba4503568537106ff2e9d72062b" >> REVISION
  INFO [29f484bc] Finished in 0.190 seconds with exit status 0 (successful).
 DEBUG [3fba75ad] Running if test ! -d /var/www/take_five_in/releases/20160802154125; then echo "Directory does not exist '/var/www/take_five_in/releases/20160802154125'" 1>&2; false; fi as take_five@take-five.in
 DEBUG [3fba75ad] Command: if test ! -d /var/www/take_five_in/releases/20160802154125; then echo "Directory does not exist '/var/www/take_five_in/releases/20160802154125'" 1>&2; false; fi
 DEBUG [3fba75ad] Finished in 0.185 seconds with exit status 0 (successful).
  INFO [90069b6f] Running /usr/local/rvm/bin/rvm default do bundle install --path /var/www/take_five_in/shared/bundle --without development test --deployment --quiet as take_five@take-five.in
 DEBUG [90069b6f] Command: cd /var/www/take_five_in/releases/20160802154125 && /usr/local/rvm/bin/rvm default do bundle install --path /var/www/take_five_in/shared/bundle --without development test --deployment --quiet
 DEBUG [90069b6f] 	You are trying to install in deployment mode after changing
your Gemfile. Run `bundle install` elsewhere and add the
updated Gemfile.lock to version control.

You have added to the Gemfile:
* source: https://github.com/bkeepers/dotenv.git (at master)
  INFO ---------------------------------------------------------------------------
  INFO START 2016-08-02 11:42:38 -0400 cap production deploy
  INFO ---------------------------------------------------------------------------
 DEBUG [9858721d] Running [ -d ~/.rvm ] as take_five@take-five.in
 DEBUG [9858721d] Command: [ -d ~/.rvm ]
  INFO ---------------------------------------------------------------------------
  INFO START 2016-08-02 11:42:46 -0400 cap production deploy
  INFO ---------------------------------------------------------------------------
 DEBUG [102f5ac1] Running [ -d ~/.rvm ] as take_five@take-five.in
 DEBUG [102f5ac1] Command: [ -d ~/.rvm ]
 DEBUG [102f5ac1] Finished in 2.352 seconds with exit status 1 (failed).
 DEBUG [c47b1e9f] Running [ -d /usr/local/rvm ] as take_five@take-five.in
 DEBUG [c47b1e9f] Command: [ -d /usr/local/rvm ]
 DEBUG [c47b1e9f] Finished in 2.348 seconds with exit status 0 (successful).
 DEBUG [fa24d09e] Running /usr/local/rvm/bin/rvm version as take_five@take-five.in
 DEBUG [fa24d09e] Command: /usr/local/rvm/bin/rvm version
 DEBUG [fa24d09e] 	rvm 1.27.0 (latest) by Wayne E. Seguin <wayneeseguin@gmail.com>, Michal Papis <mpapis@gmail.com> [https://rvm.io/]
 DEBUG [fa24d09e] Finished in 0.375 seconds with exit status 0 (successful).
 DEBUG [25c12ecb] Running /usr/local/rvm/bin/rvm current as take_five@take-five.in
 DEBUG [25c12ecb] Command: /usr/local/rvm/bin/rvm current
 DEBUG [25c12ecb] 	ruby-2.3.1
 DEBUG [25c12ecb] Finished in 0.367 seconds with exit status 0 (successful).
 DEBUG [c623b8e7] Running /usr/local/rvm/bin/rvm default do ruby --version as take_five@take-five.in
 DEBUG [c623b8e7] Command: /usr/local/rvm/bin/rvm default do ruby --version
 DEBUG [c623b8e7] 	ruby 2.3.1p112 (2016-04-26 revision 54768) [x86_64-linux]
 DEBUG [c623b8e7] Finished in 0.503 seconds with exit status 0 (successful).
  INFO [8e888b53] Running /usr/bin/env mkdir -p /tmp as take_five@take-five.in
 DEBUG [8e888b53] Command: /usr/bin/env mkdir -p /tmp
  INFO [8e888b53] Finished in 0.178 seconds with exit status 0 (successful).
 DEBUG Uploading /tmp/git-ssh-take_5_in-production-gdpelican.sh 0.0%
  INFO Uploading /tmp/git-ssh-take_5_in-production-gdpelican.sh 100.0%
  INFO [3695d621] Running /usr/bin/env chmod 700 /tmp/git-ssh-take_5_in-production-gdpelican.sh as take_five@take-five.in
 DEBUG [3695d621] Command: /usr/bin/env chmod 700 /tmp/git-ssh-take_5_in-production-gdpelican.sh
  INFO [3695d621] Finished in 0.178 seconds with exit status 0 (successful).
  INFO [a107ec20] Running /usr/bin/env git ls-remote --heads https://github.com/gdpelican/take_5_in.git as take_five@take-five.in
 DEBUG [a107ec20] Command: ( export GIT_ASKPASS="/bin/echo" GIT_SSH="/tmp/git-ssh-take_5_in-production-gdpelican.sh" ; /usr/bin/env git ls-remote --heads https://github.com/gdpelican/take_5_in.git )
 DEBUG [a107ec20] 	b97edb5b84761fd7d82325aa99877193eed5d926	refs/heads/master
  INFO [a107ec20] Finished in 0.740 seconds with exit status 0 (successful).
  INFO [3f263967] Running /usr/bin/env mkdir -p /var/www/take_five_in/shared /var/www/take_five_in/releases as take_five@take-five.in
 DEBUG [3f263967] Command: /usr/bin/env mkdir -p /var/www/take_five_in/shared /var/www/take_five_in/releases
  INFO [3f263967] Finished in 0.180 seconds with exit status 0 (successful).
 DEBUG [2de2f26f] Running [ -f /var/www/take_five_in/current/REVISION ] as take_five@take-five.in
 DEBUG [2de2f26f] Command: [ -f /var/www/take_five_in/current/REVISION ]
 DEBUG [2de2f26f] Finished in 0.179 seconds with exit status 1 (failed).
 DEBUG [60b489fa] Running [ -f /var/www/take_five_in/repo/HEAD ] as take_five@take-five.in
 DEBUG [60b489fa] Command: [ -f /var/www/take_five_in/repo/HEAD ]
 DEBUG [60b489fa] Finished in 0.182 seconds with exit status 0 (successful).
  INFO The repository mirror is at /var/www/take_five_in/repo
 DEBUG [3e07ec3b] Running if test ! -d /var/www/take_five_in/repo; then echo "Directory does not exist '/var/www/take_five_in/repo'" 1>&2; false; fi as take_five@take-five.in
 DEBUG [3e07ec3b] Command: if test ! -d /var/www/take_five_in/repo; then echo "Directory does not exist '/var/www/take_five_in/repo'" 1>&2; false; fi
 DEBUG [3e07ec3b] Finished in 0.177 seconds with exit status 0 (successful).
  INFO [05cebe09] Running /usr/bin/env git remote update --prune as take_five@take-five.in
 DEBUG [05cebe09] Command: cd /var/www/take_five_in/repo && ( export GIT_ASKPASS="/bin/echo" GIT_SSH="/tmp/git-ssh-take_5_in-production-gdpelican.sh" ; /usr/bin/env git remote update --prune )
 DEBUG [05cebe09] 	Fetching origin
 DEBUG [05cebe09] 	From https://github.com/gdpelican/take_5_in
   005190d..b97edb5  master     -> master
  INFO [05cebe09] Finished in 0.898 seconds with exit status 0 (successful).
 DEBUG [6f94d9bc] Running if test ! -d /var/www/take_five_in/repo; then echo "Directory does not exist '/var/www/take_five_in/repo'" 1>&2; false; fi as take_five@take-five.in
 DEBUG [6f94d9bc] Command: if test ! -d /var/www/take_five_in/repo; then echo "Directory does not exist '/var/www/take_five_in/repo'" 1>&2; false; fi
 DEBUG [6f94d9bc] Finished in 0.178 seconds with exit status 0 (successful).
  INFO [f8547163] Running /usr/bin/env mkdir -p /var/www/take_five_in/releases/20160802154254 as take_five@take-five.in
 DEBUG [f8547163] Command: cd /var/www/take_five_in/repo && ( export GIT_ASKPASS="/bin/echo" GIT_SSH="/tmp/git-ssh-take_5_in-production-gdpelican.sh" ; /usr/bin/env mkdir -p /var/www/take_five_in/releases/20160802154254 )
  INFO [f8547163] Finished in 0.182 seconds with exit status 0 (successful).
  INFO [132863bc] Running /usr/bin/env git archive master | tar -x -f - -C /var/www/take_five_in/releases/20160802154254 as take_five@take-five.in
 DEBUG [132863bc] Command: cd /var/www/take_five_in/repo && ( export GIT_ASKPASS="/bin/echo" GIT_SSH="/tmp/git-ssh-take_5_in-production-gdpelican.sh" ; /usr/bin/env git archive master | tar -x -f - -C /var/www/take_five_in/releases/20160802154254 )
  INFO [132863bc] Finished in 0.197 seconds with exit status 0 (successful).
 DEBUG [f3ccfcc8] Running if test ! -d /var/www/take_five_in/repo; then echo "Directory does not exist '/var/www/take_five_in/repo'" 1>&2; false; fi as take_five@take-five.in
 DEBUG [f3ccfcc8] Command: if test ! -d /var/www/take_five_in/repo; then echo "Directory does not exist '/var/www/take_five_in/repo'" 1>&2; false; fi
 DEBUG [f3ccfcc8] Finished in 0.184 seconds with exit status 0 (successful).
 DEBUG [759d608e] Running /usr/bin/env git rev-list --max-count=1 master as take_five@take-five.in
 DEBUG [759d608e] Command: cd /var/www/take_five_in/repo && ( export GIT_ASKPASS="/bin/echo" GIT_SSH="/tmp/git-ssh-take_5_in-production-gdpelican.sh" ; /usr/bin/env git rev-list --max-count=1 master )
 DEBUG [759d608e] 	b97edb5b84761fd7d82325aa99877193eed5d926
 DEBUG [759d608e] Finished in 0.183 seconds with exit status 0 (successful).
 DEBUG [54a4eceb] Running if test ! -d /var/www/take_five_in/releases/20160802154254; then echo "Directory does not exist '/var/www/take_five_in/releases/20160802154254'" 1>&2; false; fi as take_five@take-five.in
 DEBUG [54a4eceb] Command: if test ! -d /var/www/take_five_in/releases/20160802154254; then echo "Directory does not exist '/var/www/take_five_in/releases/20160802154254'" 1>&2; false; fi
 DEBUG [54a4eceb] Finished in 0.185 seconds with exit status 0 (successful).
  INFO [ac382c57] Running /usr/bin/env echo "b97edb5b84761fd7d82325aa99877193eed5d926" >> REVISION as take_five@take-five.in
 DEBUG [ac382c57] Command: cd /var/www/take_five_in/releases/20160802154254 && /usr/bin/env echo "b97edb5b84761fd7d82325aa99877193eed5d926" >> REVISION
  INFO [ac382c57] Finished in 0.175 seconds with exit status 0 (successful).
 DEBUG [3a1aedd7] Running if test ! -d /var/www/take_five_in/releases/20160802154254; then echo "Directory does not exist '/var/www/take_five_in/releases/20160802154254'" 1>&2; false; fi as take_five@take-five.in
 DEBUG [3a1aedd7] Command: if test ! -d /var/www/take_five_in/releases/20160802154254; then echo "Directory does not exist '/var/www/take_five_in/releases/20160802154254'" 1>&2; false; fi
 DEBUG [3a1aedd7] Finished in 0.178 seconds with exit status 0 (successful).
  INFO [cf6dde9a] Running /usr/local/rvm/bin/rvm default do bundle install --path /var/www/take_five_in/shared/bundle --without development test --deployment --quiet as take_five@take-five.in
 DEBUG [cf6dde9a] Command: cd /var/www/take_five_in/releases/20160802154254 && /usr/local/rvm/bin/rvm default do bundle install --path /var/www/take_five_in/shared/bundle --without development test --deployment --quiet
  INFO [cf6dde9a] Finished in 15.692 seconds with exit status 0 (successful).
  INFO [3972664c] Running /usr/bin/env ln -s /var/www/take_five_in/releases/20160802154254 /var/www/take_five_in/releases/current as take_five@take-five.in
 DEBUG [3972664c] Command: /usr/bin/env ln -s /var/www/take_five_in/releases/20160802154254 /var/www/take_five_in/releases/current
  INFO [3972664c] Finished in 0.176 seconds with exit status 0 (successful).
  INFO [16935710] Running /usr/bin/env mv /var/www/take_five_in/releases/current /var/www/take_five_in as take_five@take-five.in
 DEBUG [16935710] Command: /usr/bin/env mv /var/www/take_five_in/releases/current /var/www/take_five_in
  INFO [16935710] Finished in 0.184 seconds with exit status 0 (successful).
 DEBUG [31a82381] Running /usr/bin/env ls -xtr /var/www/take_five_in/releases as take_five@take-five.in
 DEBUG [31a82381] Command: /usr/bin/env ls -xtr /var/www/take_five_in/releases
 DEBUG [31a82381] 	20160802154125	20160802154254
 DEBUG [31a82381] Finished in 0.178 seconds with exit status 0 (successful).
 DEBUG [9300b03f] Running if test ! -d /var/www/take_five_in/releases; then echo "Directory does not exist '/var/www/take_five_in/releases'" 1>&2; false; fi as take_five@take-five.in
 DEBUG [9300b03f] Command: if test ! -d /var/www/take_five_in/releases; then echo "Directory does not exist '/var/www/take_five_in/releases'" 1>&2; false; fi
 DEBUG [9300b03f] Finished in 0.182 seconds with exit status 0 (successful).
  INFO [0fc3e67f] Running /usr/bin/env echo "Branch master (at b97edb5b84761fd7d82325aa99877193eed5d926) deployed as release 20160802154254 by gdpelican" >> /var/www/take_five_in/revisions.log as take_five@take-five.in
 DEBUG [0fc3e67f] Command: cd /var/www/take_five_in/releases && /usr/bin/env echo "Branch master (at b97edb5b84761fd7d82325aa99877193eed5d926) deployed as release 20160802154254 by gdpelican" >> /var/www/take_five_in/revisions.log
  INFO [0fc3e67f] Finished in 0.181 seconds with exit status 0 (successful).
  INFO ---------------------------------------------------------------------------
  INFO START 2016-08-02 12:07:59 -0400 cap production setup:compile
  INFO ---------------------------------------------------------------------------
 DEBUG [86f43644] Running [ -d ~/.rvm ] as take_five@take-five.in
 DEBUG [86f43644] Command: [ -d ~/.rvm ]
 DEBUG [86f43644] Finished in 8.022 seconds with exit status 1 (failed).
 DEBUG [35f25ddc] Running [ -d /usr/local/rvm ] as take_five@take-five.in
 DEBUG [35f25ddc] Command: [ -d /usr/local/rvm ]
 DEBUG [35f25ddc] Finished in 2.263 seconds with exit status 0 (successful).
 DEBUG [76ac658d] Running /usr/local/rvm/bin/rvm version as take_five@take-five.in
 DEBUG [76ac658d] Command: /usr/local/rvm/bin/rvm version
 DEBUG [76ac658d] 	rvm 1.27.0 (latest) by Wayne E. Seguin <wayneeseguin@gmail.com>, Michal Papis <mpapis@gmail.com> [https://rvm.io/]
 DEBUG [76ac658d] Finished in 0.381 seconds with exit status 0 (successful).
 DEBUG [89eeae3d] Running /usr/local/rvm/bin/rvm current as take_five@take-five.in
 DEBUG [89eeae3d] Command: /usr/local/rvm/bin/rvm current
 DEBUG [89eeae3d] 	ruby-2.3.1
 DEBUG [89eeae3d] Finished in 0.369 seconds with exit status 0 (successful).
 DEBUG [6568d5db] Running /usr/local/rvm/bin/rvm default do ruby --version as take_five@take-five.in
 DEBUG [6568d5db] Command: /usr/local/rvm/bin/rvm default do ruby --version
 DEBUG [6568d5db] 	ruby 2.3.1p112 (2016-04-26 revision 54768) [x86_64-linux]
 DEBUG [6568d5db] Finished in 0.512 seconds with exit status 0 (successful).
  INFO ---------------------------------------------------------------------------
  INFO START 2016-08-02 12:11:08 -0400 cap production setup:compile
  INFO ---------------------------------------------------------------------------
 DEBUG [9c7f5979] Running [ -d ~/.rvm ] as take_five@take-five.in
 DEBUG [9c7f5979] Command: [ -d ~/.rvm ]
 DEBUG [9c7f5979] Finished in 2.966 seconds with exit status 1 (failed).
 DEBUG [f65c0de2] Running [ -d /usr/local/rvm ] as take_five@take-five.in
 DEBUG [f65c0de2] Command: [ -d /usr/local/rvm ]
 DEBUG [f65c0de2] Finished in 2.170 seconds with exit status 0 (successful).
 DEBUG [024b29e1] Running /usr/local/rvm/bin/rvm version as take_five@take-five.in
 DEBUG [024b29e1] Command: /usr/local/rvm/bin/rvm version
 DEBUG [024b29e1] 	rvm 1.27.0 (latest) by Wayne E. Seguin <wayneeseguin@gmail.com>, Michal Papis <mpapis@gmail.com> [https://rvm.io/]
 DEBUG [024b29e1] Finished in 0.367 seconds with exit status 0 (successful).
 DEBUG [da0aa1aa] Running /usr/local/rvm/bin/rvm current as take_five@take-five.in
 DEBUG [da0aa1aa] Command: /usr/local/rvm/bin/rvm current
 DEBUG [da0aa1aa] 	ruby-2.3.1
 DEBUG [da0aa1aa] Finished in 0.386 seconds with exit status 0 (successful).
 DEBUG [8018d7fb] Running /usr/local/rvm/bin/rvm default do ruby --version as take_five@take-five.in
 DEBUG [8018d7fb] Command: /usr/local/rvm/bin/rvm default do ruby --version
 DEBUG [8018d7fb] 	ruby 2.3.1p112 (2016-04-26 revision 54768) [x86_64-linux]
 DEBUG [8018d7fb] Finished in 0.534 seconds with exit status 0 (successful).
  INFO ---------------------------------------------------------------------------
  INFO START 2016-08-02 12:13:32 -0400 cap production setup:compile
  INFO ---------------------------------------------------------------------------
 DEBUG [a0180067] Running [ -d ~/.rvm ] as take_five@take-five.in
 DEBUG [a0180067] Command: [ -d ~/.rvm ]
 DEBUG [a0180067] Finished in 3.622 seconds with exit status 1 (failed).
 DEBUG [7bb2f279] Running [ -d /usr/local/rvm ] as take_five@take-five.in
 DEBUG [7bb2f279] Command: [ -d /usr/local/rvm ]
 DEBUG [7bb2f279] Finished in 2.466 seconds with exit status 0 (successful).
 DEBUG [2a69a262] Running /usr/local/rvm/bin/rvm version as take_five@take-five.in
 DEBUG [2a69a262] Command: /usr/local/rvm/bin/rvm version
 DEBUG [2a69a262] 	rvm 1.27.0 (latest) by Wayne E. Seguin <wayneeseguin@gmail.com>, Michal Papis <mpapis@gmail.com> [https://rvm.io/]
 DEBUG [2a69a262] Finished in 0.651 seconds with exit status 0 (successful).
 DEBUG [5112736a] Running /usr/local/rvm/bin/rvm current as take_five@take-five.in
 DEBUG [5112736a] Command: /usr/local/rvm/bin/rvm current
 DEBUG [5112736a] 	ruby-2.3.1
 DEBUG [5112736a] Finished in 0.378 seconds with exit status 0 (successful).
 DEBUG [1317a0ff] Running /usr/local/rvm/bin/rvm default do ruby --version as take_five@take-five.in
 DEBUG [1317a0ff] Command: /usr/local/rvm/bin/rvm default do ruby --version
 DEBUG [1317a0ff] 	ruby 2.3.1p112 (2016-04-26 revision 54768) [x86_64-linux]
 DEBUG [1317a0ff] Finished in 0.532 seconds with exit status 0 (successful).
